<?xml version="1.0" encoding="UTF-8"?>
<!-- Generated by org.testng.reporters.JUnitReportReporter -->
<testsuite hostname="PHONGTRAN" failures="0" tests="1" name="TestCases.Startup" time="1.592" errors="1" timestamp="2020-04-16T14:37:27 ICT" skipped="0">
  <testcase classname="TestCases.Startup" name="Setup" time="1.592">
    <error message="session not created: This version of ChromeDriver only supports Chrome version 75
Build info: version: &#039;3.141.59&#039;, revision: &#039;e82be7d358&#039;, time: &#039;2018-11-14T08:17:03&#039;
System info: host: &#039;PHONGTRAN&#039;, ip: &#039;192.168.1.3&#039;, os.name: &#039;Windows 10&#039;, os.arch: &#039;amd64&#039;, os.version: &#039;10.0&#039;, java.version: &#039;13&#039;
Driver info: driver.version: ChromeDriver
remote stacktrace: Backtrace:
	Ordinal0 [0x00CA1B43+1448771]
	Ordinal0 [0x00C25A31+940593]
	Ordinal0 [0x00BB2293+467603]
	Ordinal0 [0x00B4F27E+62078]
	Ordinal0 [0x00B4BBBD+48061]
	Ordinal0 [0x00B68D09+167177]
	Ordinal0 [0x00B688DD+166109]
	Ordinal0 [0x00B66FEB+159723]
	Ordinal0 [0x00B509F6+68086]
	Ordinal0 [0x00B51990+72080]
	Ordinal0 [0x00B51929+71977]
	GetHandleVerifier [0x00DE2E8C+1172172]
	GetHandleVerifier [0x00D3FE55+504469]
	GetHandleVerifier [0x00D3FBF0+503856]
	Ordinal0 [0x00CAC9C8+1493448]
	GetHandleVerifier [0x00D4062A+506474]
	Ordinal0 [0x00C37156+1012054]
	Ordinal0 [0x00C36FCF+1011663]
	Ordinal0 [0x00C4135B+1053531]
	Ordinal0 [0x00C414C3+1053891]
	Ordinal0 [0x00C404F5+1049845]
	BaseThreadInitThunk [0x770C0419+25]
	RtlGetAppContainerNamedObjectPath [0x77CD66DD+237]
	RtlGetAppContainerNamedObjectPath [0x77CD66AD+189]
" type="org.openqa.selenium.SessionNotCreatedException">
      <![CDATA[org.openqa.selenium.SessionNotCreatedException: session not created: This version of ChromeDriver only supports Chrome version 75
Build info: version: '3.141.59', revision: 'e82be7d358', time: '2018-11-14T08:17:03'
System info: host: 'PHONGTRAN', ip: '192.168.1.3', os.name: 'Windows 10', os.arch: 'amd64', os.version: '10.0', java.version: '13'
Driver info: driver.version: ChromeDriver
remote stacktrace: Backtrace:
Ordinal0 [0x00CA1B43+1448771]
Ordinal0 [0x00C25A31+940593]
Ordinal0 [0x00BB2293+467603]
Ordinal0 [0x00B4F27E+62078]
Ordinal0 [0x00B4BBBD+48061]
Ordinal0 [0x00B68D09+167177]
Ordinal0 [0x00B688DD+166109]
Ordinal0 [0x00B66FEB+159723]
Ordinal0 [0x00B509F6+68086]
Ordinal0 [0x00B51990+72080]
Ordinal0 [0x00B51929+71977]
GetHandleVerifier [0x00DE2E8C+1172172]
GetHandleVerifier [0x00D3FE55+504469]
GetHandleVerifier [0x00D3FBF0+503856]
Ordinal0 [0x00CAC9C8+1493448]
GetHandleVerifier [0x00D4062A+506474]
Ordinal0 [0x00C37156+1012054]
Ordinal0 [0x00C36FCF+1011663]
Ordinal0 [0x00C4135B+1053531]
Ordinal0 [0x00C414C3+1053891]
Ordinal0 [0x00C404F5+1049845]
BaseThreadInitThunk [0x770C0419+25]
RtlGetAppContainerNamedObjectPath [0x77CD66DD+237]
RtlGetAppContainerNamedObjectPath [0x77CD66AD+189]

at java.base/jdk.internal.reflect.NativeConstructorAccessorImpl.newInstance0(Native Method)
at java.base/jdk.internal.reflect.NativeConstructorAccessorImpl.newInstance(NativeConstructorAccessorImpl.java:62)
at java.base/jdk.internal.reflect.DelegatingConstructorAccessorImpl.newInstance(DelegatingConstructorAccessorImpl.java:45)
at java.base/java.lang.reflect.Constructor.newInstanceWithCaller(Constructor.java:500)
at java.base/java.lang.reflect.Constructor.newInstance(Constructor.java:481)
at org.openqa.selenium.remote.W3CHandshakeResponse.lambda$errorHandler$0(W3CHandshakeResponse.java:62)
at org.openqa.selenium.remote.HandshakeResponse.lambda$getResponseFunction$0(HandshakeResponse.java:30)
at org.openqa.selenium.remote.ProtocolHandshake.lambda$createSession$0(ProtocolHandshake.java:126)
at java.base/java.util.stream.ReferencePipeline$3$1.accept(ReferencePipeline.java:195)
at java.base/java.util.Spliterators$ArraySpliterator.tryAdvance(Spliterators.java:958)
at java.base/java.util.stream.ReferencePipeline.forEachWithCancel(ReferencePipeline.java:127)
at java.base/java.util.stream.AbstractPipeline.copyIntoWithCancel(AbstractPipeline.java:502)
at java.base/java.util.stream.AbstractPipeline.copyInto(AbstractPipeline.java:488)
at java.base/java.util.stream.AbstractPipeline.wrapAndCopyInto(AbstractPipeline.java:474)
at java.base/java.util.stream.FindOps$FindOp.evaluateSequential(FindOps.java:150)
at java.base/java.util.stream.AbstractPipeline.evaluate(AbstractPipeline.java:234)
at java.base/java.util.stream.ReferencePipeline.findFirst(ReferencePipeline.java:543)
at org.openqa.selenium.remote.ProtocolHandshake.createSession(ProtocolHandshake.java:128)
at org.openqa.selenium.remote.ProtocolHandshake.createSession(ProtocolHandshake.java:74)
at org.openqa.selenium.remote.HttpCommandExecutor.execute(HttpCommandExecutor.java:136)
at org.openqa.selenium.remote.service.DriverCommandExecutor.execute(DriverCommandExecutor.java:83)
at org.openqa.selenium.remote.RemoteWebDriver.execute(RemoteWebDriver.java:552)
at org.openqa.selenium.remote.RemoteWebDriver.startSession(RemoteWebDriver.java:213)
at org.openqa.selenium.remote.RemoteWebDriver.<init>(RemoteWebDriver.java:131)
at org.openqa.selenium.chrome.ChromeDriver.<init>(ChromeDriver.java:181)
at org.openqa.selenium.chrome.ChromeDriver.<init>(ChromeDriver.java:168)
at org.openqa.selenium.chrome.ChromeDriver.<init>(ChromeDriver.java:123)
at TestInit.Initialize.Setup(Initialize.java:24)
at TestCases.Startup.Setup(Startup.java:14)
at java.base/jdk.internal.reflect.NativeMethodAccessorImpl.invoke0(Native Method)
at java.base/jdk.internal.reflect.NativeMethodAccessorImpl.invoke(NativeMethodAccessorImpl.java:62)
at java.base/jdk.internal.reflect.DelegatingMethodAccessorImpl.invoke(DelegatingMethodAccessorImpl.java:43)
at java.base/java.lang.reflect.Method.invoke(Method.java:567)
at org.testng.internal.MethodInvocationHelper.invokeMethod(MethodInvocationHelper.java:133)
at org.testng.internal.MethodInvocationHelper.invokeMethodConsideringTimeout(MethodInvocationHelper.java:62)
at org.testng.internal.ConfigInvoker.invokeConfigurationMethod(ConfigInvoker.java:340)
at org.testng.internal.ConfigInvoker.invokeConfigurations(ConfigInvoker.java:294)
at org.testng.TestRunner.invokeTestConfigurations(TestRunner.java:623)
at org.testng.TestRunner.beforeRun(TestRunner.java:613)
at org.testng.TestRunner.run(TestRunner.java:584)
at org.testng.SuiteRunner.runTest(SuiteRunner.java:402)
at org.testng.SuiteRunner.runSequentially(SuiteRunner.java:396)
at org.testng.SuiteRunner.privateRun(SuiteRunner.java:355)
at org.testng.SuiteRunner.run(SuiteRunner.java:304)
at org.testng.SuiteRunnerWorker.runSuite(SuiteRunnerWorker.java:53)
at org.testng.SuiteRunnerWorker.run(SuiteRunnerWorker.java:96)
at org.testng.TestNG.runSuitesSequentially(TestNG.java:1180)
at org.testng.TestNG.runSuitesLocally(TestNG.java:1102)
at org.testng.TestNG.runSuites(TestNG.java:1032)
at org.testng.TestNG.run(TestNG.java:1000)
at org.testng.remote.AbstractRemoteTestNG.run(AbstractRemoteTestNG.java:115)
at org.testng.remote.RemoteTestNG.initAndRun(RemoteTestNG.java:251)
at org.testng.remote.RemoteTestNG.main(RemoteTestNG.java:77)
]]>
    </error>
  </testcase> <!-- Setup -->
</testsuite> <!-- TestCases.Startup -->
